[2020-05-11 21:22:09] Espo.ERROR: Uncaught Exception TypeError: "Argument 1 passed to Espo\Core\Utils\Autoload\Loader::register() must be of the type array, int given, called in C:\XAMPP_2\htdocs\application\Espo\Core\Utils\Autoload.php on line 174" at C:\XAMPP_2\htdocs\application\Espo\Core\Utils\Autoload\Loader.php line 62 {"exception":"[object] (TypeError(code: 0): Argument 1 passed to Espo\\Core\\Utils\\Autoload\\Loader::register() must be of the type array, int given, called in C:\\XAMPP_2\\htdocs\\application\\Espo\\Core\\Utils\\Autoload.php on line 174 at C:\\XAMPP_2\\htdocs\\application\\Espo\\Core\\Utils\\Autoload\\Loader.php:62)"} []
[2020-05-11 21:55:47] Espo.ERROR: (400) Not valid data. Field: 'total', type: required.; POST /api/v1/Invoice; line: 581, file: C:\XAMPP_2\htdocs\application\Espo\Services\Record.php [] []
[2020-05-11 21:55:48] Espo.ERROR: (400) Not valid data. Field: 'total', type: required.; POST /api/v1/Invoice; line: 581, file: C:\XAMPP_2\htdocs\application\Espo\Services\Record.php [] []
[2020-05-11 21:55:49] Espo.ERROR: (400) Not valid data. Field: 'total', type: required.; POST /api/v1/Invoice; line: 581, file: C:\XAMPP_2\htdocs\application\Espo\Services\Record.php [] []
[2020-05-11 21:55:50] Espo.ERROR: (400) Not valid data. Field: 'total', type: required.; POST /api/v1/Invoice; line: 581, file: C:\XAMPP_2\htdocs\application\Espo\Services\Record.php [] []
[2020-05-11 21:55:50] Espo.ERROR: (400) Not valid data. Field: 'total', type: required.; POST /api/v1/Invoice; line: 581, file: C:\XAMPP_2\htdocs\application\Espo\Services\Record.php [] []
[2020-05-11 21:57:28] Espo.ERROR: (400) Not valid data. Field: 'name', type: required.; POST /api/v1/Invoice; line: 581, file: C:\XAMPP_2\htdocs\application\Espo\Services\Record.php [] []
[2020-05-11 21:57:29] Espo.ERROR: (400) Not valid data. Field: 'name', type: required.; POST /api/v1/Invoice; line: 581, file: C:\XAMPP_2\htdocs\application\Espo\Services\Record.php [] []
[2020-05-11 21:57:30] Espo.ERROR: (400) Not valid data. Field: 'name', type: required.; POST /api/v1/Invoice; line: 581, file: C:\XAMPP_2\htdocs\application\Espo\Services\Record.php [] []
[2020-05-11 21:57:30] Espo.ERROR: (400) Not valid data. Field: 'name', type: required.; POST /api/v1/Invoice; line: 581, file: C:\XAMPP_2\htdocs\application\Espo\Services\Record.php [] []
[2020-05-11 21:57:30] Espo.ERROR: (400) Not valid data. Field: 'name', type: required.; POST /api/v1/Invoice; line: 581, file: C:\XAMPP_2\htdocs\application\Espo\Services\Record.php [] []
[2020-05-11 21:57:30] Espo.ERROR: (400) Not valid data. Field: 'name', type: required.; POST /api/v1/Invoice; line: 581, file: C:\XAMPP_2\htdocs\application\Espo\Services\Record.php [] []
[2020-05-11 21:57:30] Espo.ERROR: (400) Not valid data. Field: 'name', type: required.; POST /api/v1/Invoice; line: 581, file: C:\XAMPP_2\htdocs\application\Espo\Services\Record.php [] []
[2020-05-11 21:57:30] Espo.ERROR: (400) Not valid data. Field: 'name', type: required.; POST /api/v1/Invoice; line: 581, file: C:\XAMPP_2\htdocs\application\Espo\Services\Record.php [] []
[2020-05-11 21:57:31] Espo.ERROR: (400) Not valid data. Field: 'name', type: required.; POST /api/v1/Invoice; line: 581, file: C:\XAMPP_2\htdocs\application\Espo\Services\Record.php [] []
[2020-05-11 21:57:31] Espo.ERROR: (400) Not valid data. Field: 'name', type: required.; POST /api/v1/Invoice; line: 581, file: C:\XAMPP_2\htdocs\application\Espo\Services\Record.php [] []
[2020-05-11 21:57:31] Espo.ERROR: (400) Not valid data. Field: 'name', type: required.; POST /api/v1/Invoice; line: 581, file: C:\XAMPP_2\htdocs\application\Espo\Services\Record.php [] []
[2020-05-11 21:57:31] Espo.ERROR: (400) Not valid data. Field: 'name', type: required.; POST /api/v1/Invoice; line: 581, file: C:\XAMPP_2\htdocs\application\Espo\Services\Record.php [] []
[2020-05-11 23:18:06] Espo.ERROR: Formula failed: Class \Espo\Core\Formula\Functions\AlertType was not found. [] []
[2020-05-11 23:18:23] Espo.ERROR: Formula failed: Class \Espo\Core\Formula\Functions\AlertType was not found. [] []
[2020-05-11 23:28:41] Espo.ERROR: Formula failed: Class \Espo\Core\Formula\Functions\"Invoice for "..$accountName.." on "..$deliveryDate  entityGroup\SetAttributeType was not found. [] []
[2020-05-11 23:30:50] Espo.ERROR: Uncaught Exception ParseError: "syntax error, unexpected ''order_items.price * pr' (T_ENCAPSED_AND_WHITESPACE)" at C:\XAMPP_2\htdocs\data\cache\application\ormMetadata.php line 25333 {"exception":"[object] (ParseError(code: 0): syntax error, unexpected ''order_items.price * pr' (T_ENCAPSED_AND_WHITESPACE) at C:\\XAMPP_2\\htdocs\\data\\cache\\application\\ormMetadata.php:25333)"} []
[2020-05-11 23:32:16] Espo.WARNING: E_WARNING: Invalid argument supplied for foreach() {"code":2,"message":"Invalid argument supplied for foreach()","file":"C:\\XAMPP_2\\htdocs\\application\\Espo\\Core\\Application.php","line":327,"context":{"crudList":["get","post","put","patch","delete"]}} []
[2020-05-11 23:34:31] Espo.ERROR: Formula failed: Class \Espo\Core\Formula\Functions\" "    stringGroup\ConcatenateType was not found. [] []
[2020-05-11 23:36:06] Espo.ERROR: Formula failed: Class \Espo\Core\Formula\Functions\" "    stringGroup\ConcatenateType was not found. [] []
[2020-05-11 23:36:15] Espo.ERROR: Formula failed: Class \Espo\Core\Formula\Functions\" "    stringGroup\ConcatenateType was not found. [] []
[2020-05-11 23:36:30] Espo.ERROR: Formula failed: Class \Espo\Core\Formula\Functions\" "    stringGroup\ConcatenateType was not found. [] []
[2020-05-11 23:37:34] Espo.ERROR: Formula failed: Class \Espo\Core\Formula\Functions\" "    stringGroup\ConcatenateType was not found. [] []
[2020-05-11 23:38:35] Espo.ERROR: Formula failed: Class \Espo\Core\Formula\Functions\" "    stringGroup\ConcatenateType was not found. [] []
[2020-05-11 23:39:49] Espo.ERROR: Formula failed: Class \Espo\Core\Formula\Functions\" .."    stringGroup\ConcatenateType was not found. [] []
[2020-05-11 23:40:18] Espo.ERROR: Formula failed: Class \Espo\Core\Formula\Functions\" .."    stringGroup\ConcatenateType was not found. [] []
[2020-05-11 23:49:18] Espo.WARNING: E_WARNING: Invalid argument supplied for foreach() {"code":2,"message":"Invalid argument supplied for foreach()","file":"C:\\XAMPP_2\\htdocs\\application\\Espo\\Core\\Application.php","line":327,"context":{"crudList":["get","post","put","patch","delete"]}} []
